# JRE version: OpenJDK Runtime Environment Temurin-17.0.4.1+1 (17.0.4.1+1) (build 17.0.4.1+1)
# Java VM: OpenJDK 64-Bit Server VM Temurin-17.0.4.1+1 (17.0.4.1+1, mixed mode, tiered, compressed oops, compressed class ptrs, parallel gc, windows-amd64)
GC Precious Log:
 CPUs: 8 total, 8 available
 Memory: 24291M
 Large Page Support: Disabled
 NUMA Support: Disabled
 Compressed Oops: Enabled (32-bit)
 Alignments: Space 512K, Generation 512K, Heap 2M
 Heap Min Capacity: 100M
 Heap Initial Capacity: 100M
 Heap Max Capacity: 1G
 Pre-touch: Disabled
 Parallel Workers: 8
Heap:
 PSYoungGen      total 20480K, used 2496K [0x00000000eab00000, 0x00000000ec280000, 0x0000000100000000)
  eden space 19968K, 9% used [0x00000000eab00000,0x00000000eacf0238,0x00000000ebe80000)
  from space 512K, 100% used [0x00000000ec200000,0x00000000ec280000,0x00000000ec280000)
  to   space 1024K, 0% used [0x00000000ec080000,0x00000000ec080000,0x00000000ec180000)
 ParOldGen       total 68608K, used 32000K [0x00000000c0000000, 0x00000000c4300000, 0x00000000eab00000)
  object space 68608K, 46% used [0x00000000c0000000,0x00000000c1f40340,0x00000000c4300000)
 Metaspace       used 41045K, committed 41664K, reserved 1089536K
  class space    used 4171K, committed 4480K, reserved 1048576K
GC Heap History (20 events):
Event: 8.763 GC heap before
{Heap before GC invocations=13 (full 1):
 PSYoungGen      total 24064K, used 23904K [0x00000000eab00000, 0x00000000ec680000, 0x0000000100000000)
  eden space 22016K, 100% used [0x00000000eab00000,0x00000000ec080000,0x00000000ec080000)
  from space 2048K, 92% used [0x00000000ec100000,0x00000000ec2d8000,0x00000000ec300000)
  to   space 2560K, 0% used [0x00000000ec400000,0x00000000ec400000,0x00000000ec680000)
 ParOldGen       total 68608K, used 18941K [0x00000000c0000000, 0x00000000c4300000, 0x00000000eab00000)
  object space 68608K, 27% used [0x00000000c0000000,0x00000000c127f728,0x00000000c4300000)
 Metaspace       used 34722K, committed 35328K, reserved 1081344K
  class space    used 3507K, committed 3776K, reserved 1048576K
}
Event: 8.766 GC heap after
{Heap after GC invocations=13 (full 1):
 PSYoungGen      total 24576K, used 2112K [0x00000000eab00000, 0x00000000ec680000, 0x0000000100000000)
  eden space 22016K, 0% used [0x00000000eab00000,0x00000000eab00000,0x00000000ec080000)
  from space 2560K, 82% used [0x00000000ec400000,0x00000000ec610010,0x00000000ec680000)
  to   space 2560K, 0% used [0x00000000ec180000,0x00000000ec180000,0x00000000ec400000)
 ParOldGen       total 68608K, used 20701K [0x00000000c0000000, 0x00000000c4300000, 0x00000000eab00000)
  object space 68608K, 30% used [0x00000000c0000000,0x00000000c1437728,0x00000000c4300000)
 Metaspace       used 34722K, committed 35328K, reserved 1081344K
  class space    used 3507K, committed 3776K, reserved 1048576K
}
Event: 8.977 GC heap before
{Heap before GC invocations=14 (full 1):
 PSYoungGen      total 24576K, used 24128K [0x00000000eab00000, 0x00000000ec680000, 0x0000000100000000)
  eden space 22016K, 100% used [0x00000000eab00000,0x00000000ec080000,0x00000000ec080000)
  from space 2560K, 82% used [0x00000000ec400000,0x00000000ec610010,0x00000000ec680000)
  to   space 2560K, 0% used [0x00000000ec180000,0x00000000ec180000,0x00000000ec400000)
 ParOldGen       total 68608K, used 20701K [0x00000000c0000000, 0x00000000c4300000, 0x00000000eab00000)
  object space 68608K, 30% used [0x00000000c0000000,0x00000000c1437728,0x00000000c4300000)
 Metaspace       used 34775K, committed 35328K, reserved 1081344K
  class space    used 3519K, committed 3776K, reserved 1048576K
}
Event: 8.980 GC heap after
{Heap after GC invocations=14 (full 1):
 PSYoungGen      total 24576K, used 2528K [0x00000000eab00000, 0x00000000ec680000, 0x0000000100000000)
  eden space 22016K, 0% used [0x00000000eab00000,0x00000000eab00000,0x00000000ec080000)
  from space 2560K, 98% used [0x00000000ec180000,0x00000000ec3f8010,0x00000000ec400000)
  to   space 2560K, 0% used [0x00000000ec400000,0x00000000ec400000,0x00000000ec680000)
 ParOldGen       total 68608K, used 22704K [0x00000000c0000000, 0x00000000c4300000, 0x00000000eab00000)
  object space 68608K, 33% used [0x00000000c0000000,0x00000000c162c250,0x00000000c4300000)
 Metaspace       used 34775K, committed 35328K, reserved 1081344K
  class space    used 3519K, committed 3776K, reserved 1048576K
}
Event: 9.089 GC heap before
{Heap before GC invocations=15 (full 1):
 PSYoungGen      total 24576K, used 24544K [0x00000000eab00000, 0x00000000ec680000, 0x0000000100000000)
  eden space 22016K, 100% used [0x00000000eab00000,0x00000000ec080000,0x00000000ec080000)
  from space 2560K, 98% used [0x00000000ec180000,0x00000000ec3f8010,0x00000000ec400000)
  to   space 2560K, 0% used [0x00000000ec400000,0x00000000ec400000,0x00000000ec680000)
 ParOldGen       total 68608K, used 22704K [0x00000000c0000000, 0x00000000c4300000, 0x00000000eab00000)
  object space 68608K, 33% used [0x00000000c0000000,0x00000000c162c250,0x00000000c4300000)
 Metaspace       used 34775K, committed 35328K, reserved 1081344K
  class space    used 3519K, committed 3776K, reserved 1048576K
}
Event: 9.094 GC heap after
{Heap after GC invocations=15 (full 1):
 PSYoungGen      total 22528K, used 2528K [0x00000000eab00000, 0x00000000ecb80000, 0x0000000100000000)
  eden space 19968K, 0% used [0x00000000eab00000,0x00000000eab00000,0x00000000ebe80000)
  from space 2560K, 98% used [0x00000000ec400000,0x00000000ec678010,0x00000000ec680000)
  to   space 5632K, 0% used [0x00000000ebe80000,0x00000000ebe80000,0x00000000ec400000)
 ParOldGen       total 68608K, used 25160K [0x00000000c0000000, 0x00000000c4300000, 0x00000000eab00000)
  object space 68608K, 36% used [0x00000000c0000000,0x00000000c1892388,0x00000000c4300000)
 Metaspace       used 34775K, committed 35328K, reserved 1081344K
  class space    used 3519K, committed 3776K, reserved 1048576K
}
Event: 9.263 GC heap before
{Heap before GC invocations=16 (full 1):
 PSYoungGen      total 22528K, used 22496K [0x00000000eab00000, 0x00000000ecb80000, 0x0000000100000000)
  eden space 19968K, 100% used [0x00000000eab00000,0x00000000ebe80000,0x00000000ebe80000)
  from space 2560K, 98% used [0x00000000ec400000,0x00000000ec678010,0x00000000ec680000)
  to   space 5632K, 0% used [0x00000000ebe80000,0x00000000ebe80000,0x00000000ec400000)
 ParOldGen       total 68608K, used 25160K [0x00000000c0000000, 0x00000000c4300000, 0x00000000eab00000)
  object space 68608K, 36% used [0x00000000c0000000,0x00000000c1892388,0x00000000c4300000)
 Metaspace       used 34775K, committed 35328K, reserved 1081344K
  class space    used 3519K, committed 3776K, reserved 1048576K
}
Event: 9.268 GC heap after
{Heap after GC invocations=16 (full 1):
 PSYoungGen      total 22016K, used 2016K [0x00000000eab00000, 0x00000000ec580000, 0x0000000100000000)
  eden space 19968K, 0% used [0x00000000eab00000,0x00000000eab00000,0x00000000ebe80000)
  from space 2048K, 98% used [0x00000000ebe80000,0x00000000ec078000,0x00000000ec080000)
  to   space 3584K, 0% used [0x00000000ec200000,0x00000000ec200000,0x00000000ec580000)
 ParOldGen       total 68608K, used 27631K [0x00000000c0000000, 0x00000000c4300000, 0x00000000eab00000)
  object space 68608K, 40% used [0x00000000c0000000,0x00000000c1afbc18,0x00000000c4300000)
 Metaspace       used 34775K, committed 35328K, reserved 1081344K
  class space    used 3519K, committed 3776K, reserved 1048576K
}
Event: 9.664 GC heap before
{Heap before GC invocations=17 (full 1):
 PSYoungGen      total 22016K, used 16571K [0x00000000eab00000, 0x00000000ec580000, 0x0000000100000000)
  eden space 19968K, 72% used [0x00000000eab00000,0x00000000eb936e58,0x00000000ebe80000)
  from space 2048K, 98% used [0x00000000ebe80000,0x00000000ec078000,0x00000000ec080000)
  to   space 3584K, 0% used [0x00000000ec200000,0x00000000ec200000,0x00000000ec580000)
 ParOldGen       total 68608K, used 27631K [0x00000000c0000000, 0x00000000c4300000, 0x00000000eab00000)
  object space 68608K, 40% used [0x00000000c0000000,0x00000000c1afbc18,0x00000000c4300000)
 Metaspace       used 35314K, committed 35840K, reserved 1089536K
  class space    used 3576K, committed 3840K, reserved 1048576K
}
Event: 9.668 GC heap after
{Heap after GC invocations=17 (full 1):
 PSYoungGen      total 22528K, used 2276K [0x00000000eab00000, 0x00000000ec480000, 0x0000000100000000)
  eden space 19968K, 0% used [0x00000000eab00000,0x00000000eab00000,0x00000000ebe80000)
  from space 2560K, 88% used [0x00000000ec200000,0x00000000ec4393d0,0x00000000ec480000)
  to   space 2560K, 0% used [0x00000000ebf80000,0x00000000ebf80000,0x00000000ec200000)
 ParOldGen       total 68608K, used 29543K [0x00000000c0000000, 0x00000000c4300000, 0x00000000eab00000)
  object space 68608K, 43% used [0x00000000c0000000,0x00000000c1cd9c18,0x00000000c4300000)
 Metaspace       used 35314K, committed 35840K, reserved 1089536K
  class space    used 3576K, committed 3840K, reserved 1048576K
}
Event: 9.668 GC heap before
{Heap before GC invocations=18 (full 2):
 PSYoungGen      total 22528K, used 2276K [0x00000000eab00000, 0x00000000ec480000, 0x0000000100000000)
  eden space 19968K, 0% used [0x00000000eab00000,0x00000000eab00000,0x00000000ebe80000)
  from space 2560K, 88% used [0x00000000ec200000,0x00000000ec4393d0,0x00000000ec480000)
  to   space 2560K, 0% used [0x00000000ebf80000,0x00000000ebf80000,0x00000000ec200000)
 ParOldGen       total 68608K, used 29543K [0x00000000c0000000, 0x00000000c4300000, 0x00000000eab00000)
  object space 68608K, 43% used [0x00000000c0000000,0x00000000c1cd9c18,0x00000000c4300000)
 Metaspace       used 35314K, committed 35840K, reserved 1089536K
  class space    used 3576K, committed 3840K, reserved 1048576K
}
Event: 9.736 GC heap after
{Heap after GC invocations=18 (full 2):
 PSYoungGen      total 22528K, used 0K [0x00000000eab00000, 0x00000000ec480000, 0x0000000100000000)
  eden space 19968K, 0% used [0x00000000eab00000,0x00000000eab00000,0x00000000ebe80000)
  from space 2560K, 0% used [0x00000000ec200000,0x00000000ec200000,0x00000000ec480000)
  to   space 2560K, 0% used [0x00000000ebf80000,0x00000000ebf80000,0x00000000ec200000)
 ParOldGen       total 68608K, used 30835K [0x00000000c0000000, 0x00000000c4300000, 0x00000000eab00000)
  object space 68608K, 44% used [0x00000000c0000000,0x00000000c1e1cc18,0x00000000c4300000)
 Metaspace       used 35314K, committed 35840K, reserved 1089536K
  class space    used 3576K, committed 3840K, reserved 1048576K
}
Event: 10.523 GC heap before
{Heap before GC invocations=19 (full 2):
 PSYoungGen      total 22528K, used 19889K [0x00000000eab00000, 0x00000000ec480000, 0x0000000100000000)
  eden space 19968K, 99% used [0x00000000eab00000,0x00000000ebe6c620,0x00000000ebe80000)
  from space 2560K, 0% used [0x00000000ec200000,0x00000000ec200000,0x00000000ec480000)
  to   space 2560K, 0% used [0x00000000ebf80000,0x00000000ebf80000,0x00000000ec200000)
 ParOldGen       total 68608K, used 30835K [0x00000000c0000000, 0x00000000c4300000, 0x00000000eab00000)
  object space 68608K, 44% used [0x00000000c0000000,0x00000000c1e1cc18,0x00000000c4300000)
 Metaspace       used 37751K, committed 38400K, reserved 1089536K
  class space    used 3829K, committed 4096K, reserved 1048576K
}
Event: 10.526 GC heap after
{Heap after GC invocations=19 (full 2):
 PSYoungGen      total 22528K, used 2190K [0x00000000eab00000, 0x00000000ec380000, 0x0000000100000000)
  eden space 19968K, 0% used [0x00000000eab00000,0x00000000eab00000,0x00000000ebe80000)
  from space 2560K, 85% used [0x00000000ebf80000,0x00000000ec1a3af0,0x00000000ec200000)
  to   space 1536K, 0% used [0x00000000ec200000,0x00000000ec200000,0x00000000ec380000)
 ParOldGen       total 68608K, used 30843K [0x00000000c0000000, 0x00000000c4300000, 0x00000000eab00000)
  object space 68608K, 44% used [0x00000000c0000000,0x00000000c1e1ec18,0x00000000c4300000)
 Metaspace       used 37751K, committed 38400K, reserved 1089536K
  class space    used 3829K, committed 4096K, reserved 1048576K
}
Event: 10.790 GC heap before
{Heap before GC invocations=20 (full 2):
 PSYoungGen      total 22528K, used 22158K [0x00000000eab00000, 0x00000000ec380000, 0x0000000100000000)
  eden space 19968K, 100% used [0x00000000eab00000,0x00000000ebe80000,0x00000000ebe80000)
  from space 2560K, 85% used [0x00000000ebf80000,0x00000000ec1a3af0,0x00000000ec200000)
  to   space 1536K, 0% used [0x00000000ec200000,0x00000000ec200000,0x00000000ec380000)
 ParOldGen       total 68608K, used 30843K [0x00000000c0000000, 0x00000000c4300000, 0x00000000eab00000)
  object space 68608K, 44% used [0x00000000c0000000,0x00000000c1e1ec18,0x00000000c4300000)
 Metaspace       used 37783K, committed 38400K, reserved 1089536K
  class space    used 3829K, committed 4096K, reserved 1048576K
}
Event: 10.791 GC heap after
{Heap after GC invocations=20 (full 2):
 PSYoungGen      total 20992K, used 589K [0x00000000eab00000, 0x00000000ec300000, 0x0000000100000000)
  eden space 19968K, 0% used [0x00000000eab00000,0x00000000eab00000,0x00000000ebe80000)
  from space 1024K, 57% used [0x00000000ec200000,0x00000000ec2936c8,0x00000000ec300000)
  to   space 1536K, 0% used [0x00000000ec000000,0x00000000ec000000,0x00000000ec180000)
 ParOldGen       total 68608K, used 31832K [0x00000000c0000000, 0x00000000c4300000, 0x00000000eab00000)
  object space 68608K, 46% used [0x00000000c0000000,0x00000000c1f16340,0x00000000c4300000)
 Metaspace       used 37783K, committed 38400K, reserved 1089536K
  class space    used 3829K, committed 4096K, reserved 1048576K
}
Event: 11.807 GC heap before
{Heap before GC invocations=21 (full 2):
 PSYoungGen      total 20992K, used 20557K [0x00000000eab00000, 0x00000000ec300000, 0x0000000100000000)
  eden space 19968K, 100% used [0x00000000eab00000,0x00000000ebe80000,0x00000000ebe80000)
  from space 1024K, 57% used [0x00000000ec200000,0x00000000ec2936c8,0x00000000ec300000)
  to   space 1536K, 0% used [0x00000000ec000000,0x00000000ec000000,0x00000000ec180000)
 ParOldGen       total 68608K, used 31832K [0x00000000c0000000, 0x00000000c4300000, 0x00000000eab00000)
  object space 68608K, 46% used [0x00000000c0000000,0x00000000c1f16340,0x00000000c4300000)
 Metaspace       used 39064K, committed 39616K, reserved 1089536K
  class space    used 3974K, committed 4224K, reserved 1048576K
}
Event: 11.809 GC heap after
{Heap after GC invocations=21 (full 2):
 PSYoungGen      total 21504K, used 256K [0x00000000eab00000, 0x00000000ec280000, 0x0000000100000000)
  eden space 19968K, 0% used [0x00000000eab00000,0x00000000eab00000,0x00000000ebe80000)
  from space 1536K, 16% used [0x00000000ec000000,0x00000000ec040000,0x00000000ec180000)
  to   space 512K, 0% used [0x00000000ec200000,0x00000000ec200000,0x00000000ec280000)
 ParOldGen       total 68608K, used 31872K [0x00000000c0000000, 0x00000000c4300000, 0x00000000eab00000)
  object space 68608K, 46% used [0x00000000c0000000,0x00000000c1f20340,0x00000000c4300000)
 Metaspace       used 39064K, committed 39616K, reserved 1089536K
  class space    used 3974K, committed 4224K, reserved 1048576K
}
Event: 12.991 GC heap before
{Heap before GC invocations=22 (full 2):
 PSYoungGen      total 21504K, used 20224K [0x00000000eab00000, 0x00000000ec280000, 0x0000000100000000)
  eden space 19968K, 100% used [0x00000000eab00000,0x00000000ebe80000,0x00000000ebe80000)
  from space 1536K, 16% used [0x00000000ec000000,0x00000000ec040000,0x00000000ec180000)
  to   space 512K, 0% used [0x00000000ec200000,0x00000000ec200000,0x00000000ec280000)
 ParOldGen       total 68608K, used 31872K [0x00000000c0000000, 0x00000000c4300000, 0x00000000eab00000)
  object space 68608K, 46% used [0x00000000c0000000,0x00000000c1f20340,0x00000000c4300000)
 Metaspace       used 40783K, committed 41408K, reserved 1089536K
  class space    used 4142K, committed 4480K, reserved 1048576K
}
Event: 12.992 GC heap after
{Heap after GC invocations=22 (full 2):
 PSYoungGen      total 20480K, used 512K [0x00000000eab00000, 0x00000000ec280000, 0x0000000100000000)
  eden space 19968K, 0% used [0x00000000eab00000,0x00000000eab00000,0x00000000ebe80000)
  from space 512K, 100% used [0x00000000ec200000,0x00000000ec280000,0x00000000ec280000)
  to   space 1024K, 0% used [0x00000000ec080000,0x00000000ec080000,0x00000000ec180000)
 ParOldGen       total 68608K, used 32000K [0x00000000c0000000, 0x00000000c4300000, 0x00000000eab00000)
  object space 68608K, 46% used [0x00000000c0000000,0x00000000c1f40340,0x00000000c4300000)
 Metaspace       used 40783K, committed 41408K, reserved 1089536K
  class space    used 4142K, committed 4480K, reserved 1048576K
}

