# JRE version: OpenJDK Runtime Environment Temurin-17.0.4.1+1 (17.0.4.1+1) (build 17.0.4.1+1)
# Java VM: OpenJDK 64-Bit Server VM Temurin-17.0.4.1+1 (17.0.4.1+1, mixed mode, tiered, compressed oops, compressed class ptrs, parallel gc, windows-amd64)
GC Precious Log:
 CPUs: 8 total, 8 available
 Memory: 24291M
 Large Page Support: Disabled
 NUMA Support: Disabled
 Compressed Oops: Enabled (32-bit)
 Alignments: Space 512K, Generation 512K, Heap 2M
 Heap Min Capacity: 100M
 Heap Initial Capacity: 100M
 Heap Max Capacity: 1G
 Pre-touch: Disabled
 Parallel Workers: 8
Heap:
 PSYoungGen      total 6656K, used 5673K [0x00000000eab00000, 0x00000000ebf00000, 0x0000000100000000)
  eden space 5632K, 96% used [0x00000000eab00000,0x00000000eb04a530,0x00000000eb080000)
  from space 1024K, 25% used [0x00000000ebd00000,0x00000000ebd40000,0x00000000ebe00000)
  to   space 512K, 0% used [0x00000000ebe80000,0x00000000ebe80000,0x00000000ebf00000)
 ParOldGen       total 102912K, used 71732K [0x00000000c0000000, 0x00000000c6480000, 0x00000000eab00000)
  object space 102912K, 69% used [0x00000000c0000000,0x00000000c460d0d0,0x00000000c6480000)
 Metaspace       used 68695K, committed 69696K, reserved 1114112K
  class space    used 7576K, committed 8000K, reserved 1048576K
GC Heap History (20 events):
Event: 20.908 GC heap before
{Heap before GC invocations=53 (full 4):
 PSYoungGen      total 11264K, used 6731K [0x00000000eab00000, 0x00000000ec180000, 0x0000000100000000)
  eden space 5632K, 100% used [0x00000000eab00000,0x00000000eb080000,0x00000000eb080000)
  from space 5632K, 19% used [0x00000000eb680000,0x00000000eb792c10,0x00000000ebc00000)
  to   space 2048K, 0% used [0x00000000ebf80000,0x00000000ebf80000,0x00000000ec180000)
 ParOldGen       total 102912K, used 67222K [0x00000000c0000000, 0x00000000c6480000, 0x00000000eab00000)
  object space 102912K, 65% used [0x00000000c0000000,0x00000000c41a58e8,0x00000000c6480000)
 Metaspace       used 66359K, committed 67392K, reserved 1114112K
  class space    used 7413K, committed 7872K, reserved 1048576K
}
Event: 20.910 GC heap after
{Heap after GC invocations=53 (full 4):
 PSYoungGen      total 6656K, used 800K [0x00000000eab00000, 0x00000000ec080000, 0x0000000100000000)
  eden space 5632K, 0% used [0x00000000eab00000,0x00000000eab00000,0x00000000eb080000)
  from space 1024K, 78% used [0x00000000ebf80000,0x00000000ec048000,0x00000000ec080000)
  to   space 1024K, 0% used [0x00000000ebe80000,0x00000000ebe80000,0x00000000ebf80000)
 ParOldGen       total 102912K, used 68136K [0x00000000c0000000, 0x00000000c6480000, 0x00000000eab00000)
  object space 102912K, 66% used [0x00000000c0000000,0x00000000c428a150,0x00000000c6480000)
 Metaspace       used 66359K, committed 67392K, reserved 1114112K
  class space    used 7413K, committed 7872K, reserved 1048576K
}
Event: 21.135 GC heap before
{Heap before GC invocations=54 (full 4):
 PSYoungGen      total 6656K, used 6432K [0x00000000eab00000, 0x00000000ec080000, 0x0000000100000000)
  eden space 5632K, 100% used [0x00000000eab00000,0x00000000eb080000,0x00000000eb080000)
  from space 1024K, 78% used [0x00000000ebf80000,0x00000000ec048000,0x00000000ec080000)
  to   space 1024K, 0% used [0x00000000ebe80000,0x00000000ebe80000,0x00000000ebf80000)
 ParOldGen       total 102912K, used 68136K [0x00000000c0000000, 0x00000000c6480000, 0x00000000eab00000)
  object space 102912K, 66% used [0x00000000c0000000,0x00000000c428a150,0x00000000c6480000)
 Metaspace       used 66684K, committed 67712K, reserved 1114112K
  class space    used 7432K, committed 7872K, reserved 1048576K
}
Event: 21.138 GC heap after
{Heap after GC invocations=54 (full 4):
 PSYoungGen      total 6656K, used 896K [0x00000000eab00000, 0x00000000ec000000, 0x0000000100000000)
  eden space 5632K, 0% used [0x00000000eab00000,0x00000000eab00000,0x00000000eb080000)
  from space 1024K, 87% used [0x00000000ebe80000,0x00000000ebf60000,0x00000000ebf80000)
  to   space 512K, 0% used [0x00000000ebf80000,0x00000000ebf80000,0x00000000ec000000)
 ParOldGen       total 102912K, used 68790K [0x00000000c0000000, 0x00000000c6480000, 0x00000000eab00000)
  object space 102912K, 66% used [0x00000000c0000000,0x00000000c432d8c8,0x00000000c6480000)
 Metaspace       used 66684K, committed 67712K, reserved 1114112K
  class space    used 7432K, committed 7872K, reserved 1048576K
}
Event: 21.390 GC heap before
{Heap before GC invocations=55 (full 4):
 PSYoungGen      total 6656K, used 6528K [0x00000000eab00000, 0x00000000ec000000, 0x0000000100000000)
  eden space 5632K, 100% used [0x00000000eab00000,0x00000000eb080000,0x00000000eb080000)
  from space 1024K, 87% used [0x00000000ebe80000,0x00000000ebf60000,0x00000000ebf80000)
  to   space 512K, 0% used [0x00000000ebf80000,0x00000000ebf80000,0x00000000ec000000)
 ParOldGen       total 102912K, used 68790K [0x00000000c0000000, 0x00000000c6480000, 0x00000000eab00000)
  object space 102912K, 66% used [0x00000000c0000000,0x00000000c432d8c8,0x00000000c6480000)
 Metaspace       used 66994K, committed 68032K, reserved 1114112K
  class space    used 7437K, committed 7872K, reserved 1048576K
}
Event: 21.394 GC heap after
{Heap after GC invocations=55 (full 4):
 PSYoungGen      total 6144K, used 512K [0x00000000eab00000, 0x00000000ec000000, 0x0000000100000000)
  eden space 5632K, 0% used [0x00000000eab00000,0x00000000eab00000,0x00000000eb080000)
  from space 512K, 100% used [0x00000000ebf80000,0x00000000ec000000,0x00000000ec000000)
  to   space 1536K, 0% used [0x00000000ebd00000,0x00000000ebd00000,0x00000000ebe80000)
 ParOldGen       total 102912K, used 69690K [0x00000000c0000000, 0x00000000c6480000, 0x00000000eab00000)
  object space 102912K, 67% used [0x00000000c0000000,0x00000000c440e8f0,0x00000000c6480000)
 Metaspace       used 66994K, committed 68032K, reserved 1114112K
  class space    used 7437K, committed 7872K, reserved 1048576K
}
Event: 21.608 GC heap before
{Heap before GC invocations=56 (full 4):
 PSYoungGen      total 6144K, used 6144K [0x00000000eab00000, 0x00000000ec000000, 0x0000000100000000)
  eden space 5632K, 100% used [0x00000000eab00000,0x00000000eb080000,0x00000000eb080000)
  from space 512K, 100% used [0x00000000ebf80000,0x00000000ec000000,0x00000000ec000000)
  to   space 1536K, 0% used [0x00000000ebd00000,0x00000000ebd00000,0x00000000ebe80000)
 ParOldGen       total 102912K, used 69690K [0x00000000c0000000, 0x00000000c6480000, 0x00000000eab00000)
  object space 102912K, 67% used [0x00000000c0000000,0x00000000c440e8f0,0x00000000c6480000)
 Metaspace       used 67242K, committed 68288K, reserved 1114112K
  class space    used 7443K, committed 7872K, reserved 1048576K
}
Event: 21.611 GC heap after
{Heap after GC invocations=56 (full 4):
 PSYoungGen      total 7168K, used 756K [0x00000000eab00000, 0x00000000ec000000, 0x0000000100000000)
  eden space 5632K, 0% used [0x00000000eab00000,0x00000000eab00000,0x00000000eb080000)
  from space 1536K, 49% used [0x00000000ebd00000,0x00000000ebdbd288,0x00000000ebe80000)
  to   space 1024K, 0% used [0x00000000ebf00000,0x00000000ebf00000,0x00000000ec000000)
 ParOldGen       total 102912K, used 70191K [0x00000000c0000000, 0x00000000c6480000, 0x00000000eab00000)
  object space 102912K, 68% used [0x00000000c0000000,0x00000000c448bcc0,0x00000000c6480000)
 Metaspace       used 67242K, committed 68288K, reserved 1114112K
  class space    used 7443K, committed 7872K, reserved 1048576K
}
Event: 21.885 GC heap before
{Heap before GC invocations=57 (full 4):
 PSYoungGen      total 7168K, used 6388K [0x00000000eab00000, 0x00000000ec000000, 0x0000000100000000)
  eden space 5632K, 99% used [0x00000000eab00000,0x00000000eb07ffe0,0x00000000eb080000)
  from space 1536K, 49% used [0x00000000ebd00000,0x00000000ebdbd288,0x00000000ebe80000)
  to   space 1024K, 0% used [0x00000000ebf00000,0x00000000ebf00000,0x00000000ec000000)
 ParOldGen       total 102912K, used 70191K [0x00000000c0000000, 0x00000000c6480000, 0x00000000eab00000)
  object space 102912K, 68% used [0x00000000c0000000,0x00000000c448bcc0,0x00000000c6480000)
 Metaspace       used 67507K, committed 68480K, reserved 1114112K
  class space    used 7457K, committed 7872K, reserved 1048576K
}
Event: 21.886 GC heap after
{Heap after GC invocations=57 (full 4):
 PSYoungGen      total 6656K, used 1012K [0x00000000eab00000, 0x00000000ec000000, 0x0000000100000000)
  eden space 5632K, 0% used [0x00000000eab00000,0x00000000eab00000,0x00000000eb080000)
  from space 1024K, 98% used [0x00000000ebf00000,0x00000000ebffd0d8,0x00000000ec000000)
  to   space 1536K, 0% used [0x00000000ebd00000,0x00000000ebd00000,0x00000000ebe80000)
 ParOldGen       total 102912K, used 70247K [0x00000000c0000000, 0x00000000c6480000, 0x00000000eab00000)
  object space 102912K, 68% used [0x00000000c0000000,0x00000000c4499cd0,0x00000000c6480000)
 Metaspace       used 67507K, committed 68480K, reserved 1114112K
  class space    used 7457K, committed 7872K, reserved 1048576K
}
Event: 22.044 GC heap before
{Heap before GC invocations=58 (full 4):
 PSYoungGen      total 6656K, used 6644K [0x00000000eab00000, 0x00000000ec000000, 0x0000000100000000)
  eden space 5632K, 100% used [0x00000000eab00000,0x00000000eb080000,0x00000000eb080000)
  from space 1024K, 98% used [0x00000000ebf00000,0x00000000ebffd0d8,0x00000000ec000000)
  to   space 1536K, 0% used [0x00000000ebd00000,0x00000000ebd00000,0x00000000ebe80000)
 ParOldGen       total 102912K, used 70247K [0x00000000c0000000, 0x00000000c6480000, 0x00000000eab00000)
  object space 102912K, 68% used [0x00000000c0000000,0x00000000c4499cd0,0x00000000c6480000)
 Metaspace       used 67577K, committed 68544K, reserved 1114112K
  class space    used 7459K, committed 7872K, reserved 1048576K
}
Event: 22.047 GC heap after
{Heap after GC invocations=58 (full 4):
 PSYoungGen      total 7168K, used 299K [0x00000000eab00000, 0x00000000ebf80000, 0x0000000100000000)
  eden space 5632K, 0% used [0x00000000eab00000,0x00000000eab00000,0x00000000eb080000)
  from space 1536K, 19% used [0x00000000ebd00000,0x00000000ebd4ac00,0x00000000ebe80000)
  to   space 1024K, 0% used [0x00000000ebe80000,0x00000000ebe80000,0x00000000ebf80000)
 ParOldGen       total 102912K, used 71229K [0x00000000c0000000, 0x00000000c6480000, 0x00000000eab00000)
  object space 102912K, 69% used [0x00000000c0000000,0x00000000c458f400,0x00000000c6480000)
 Metaspace       used 67577K, committed 68544K, reserved 1114112K
  class space    used 7459K, committed 7872K, reserved 1048576K
}
Event: 22.247 GC heap before
{Heap before GC invocations=59 (full 4):
 PSYoungGen      total 7168K, used 5931K [0x00000000eab00000, 0x00000000ebf80000, 0x0000000100000000)
  eden space 5632K, 100% used [0x00000000eab00000,0x00000000eb080000,0x00000000eb080000)
  from space 1536K, 19% used [0x00000000ebd00000,0x00000000ebd4ac00,0x00000000ebe80000)
  to   space 1024K, 0% used [0x00000000ebe80000,0x00000000ebe80000,0x00000000ebf80000)
 ParOldGen       total 102912K, used 71229K [0x00000000c0000000, 0x00000000c6480000, 0x00000000eab00000)
  object space 102912K, 69% used [0x00000000c0000000,0x00000000c458f400,0x00000000c6480000)
 Metaspace       used 68313K, committed 69312K, reserved 1114112K
  class space    used 7545K, committed 8000K, reserved 1048576K
}
Event: 22.249 GC heap after
{Heap after GC invocations=59 (full 4):
 PSYoungGen      total 6656K, used 594K [0x00000000eab00000, 0x00000000ebf80000, 0x0000000100000000)
  eden space 5632K, 0% used [0x00000000eab00000,0x00000000eab00000,0x00000000eb080000)
  from space 1024K, 58% used [0x00000000ebe80000,0x00000000ebf14b60,0x00000000ebf80000)
  to   space 1024K, 0% used [0x00000000ebd80000,0x00000000ebd80000,0x00000000ebe80000)
 ParOldGen       total 102912K, used 71237K [0x00000000c0000000, 0x00000000c6480000, 0x00000000eab00000)
  object space 102912K, 69% used [0x00000000c0000000,0x00000000c4591400,0x00000000c6480000)
 Metaspace       used 68313K, committed 69312K, reserved 1114112K
  class space    used 7545K, committed 8000K, reserved 1048576K
}
Event: 22.471 GC heap before
{Heap before GC invocations=60 (full 4):
 PSYoungGen      total 6656K, used 6226K [0x00000000eab00000, 0x00000000ebf80000, 0x0000000100000000)
  eden space 5632K, 100% used [0x00000000eab00000,0x00000000eb080000,0x00000000eb080000)
  from space 1024K, 58% used [0x00000000ebe80000,0x00000000ebf14b60,0x00000000ebf80000)
  to   space 1024K, 0% used [0x00000000ebd80000,0x00000000ebd80000,0x00000000ebe80000)
 ParOldGen       total 102912K, used 71237K [0x00000000c0000000, 0x00000000c6480000, 0x00000000eab00000)
  object space 102912K, 69% used [0x00000000c0000000,0x00000000c4591400,0x00000000c6480000)
 Metaspace       used 68406K, committed 69376K, reserved 1114112K
  class space    used 7548K, committed 8000K, reserved 1048576K
}
Event: 22.473 GC heap after
{Heap after GC invocations=60 (full 4):
 PSYoungGen      total 6656K, used 651K [0x00000000eab00000, 0x00000000ebf00000, 0x0000000100000000)
  eden space 5632K, 0% used [0x00000000eab00000,0x00000000eab00000,0x00000000eb080000)
  from space 1024K, 63% used [0x00000000ebd80000,0x00000000ebe22c00,0x00000000ebe80000)
  to   space 512K, 0% used [0x00000000ebe80000,0x00000000ebe80000,0x00000000ebf00000)
 ParOldGen       total 102912K, used 71245K [0x00000000c0000000, 0x00000000c6480000, 0x00000000eab00000)
  object space 102912K, 69% used [0x00000000c0000000,0x00000000c4593400,0x00000000c6480000)
 Metaspace       used 68406K, committed 69376K, reserved 1114112K
  class space    used 7548K, committed 8000K, reserved 1048576K
}
Event: 22.619 GC heap before
{Heap before GC invocations=61 (full 4):
 PSYoungGen      total 6656K, used 6283K [0x00000000eab00000, 0x00000000ebf00000, 0x0000000100000000)
  eden space 5632K, 100% used [0x00000000eab00000,0x00000000eb080000,0x00000000eb080000)
  from space 1024K, 63% used [0x00000000ebd80000,0x00000000ebe22c00,0x00000000ebe80000)
  to   space 512K, 0% used [0x00000000ebe80000,0x00000000ebe80000,0x00000000ebf00000)
 ParOldGen       total 102912K, used 71245K [0x00000000c0000000, 0x00000000c6480000, 0x00000000eab00000)
  object space 102912K, 69% used [0x00000000c0000000,0x00000000c4593400,0x00000000c6480000)
 Metaspace       used 68441K, committed 69440K, reserved 1114112K
  class space    used 7548K, committed 8000K, reserved 1048576K
}
Event: 22.620 GC heap after
{Heap after GC invocations=61 (full 4):
 PSYoungGen      total 6144K, used 491K [0x00000000eab00000, 0x00000000ebf00000, 0x0000000100000000)
  eden space 5632K, 0% used [0x00000000eab00000,0x00000000eab00000,0x00000000eb080000)
  from space 512K, 95% used [0x00000000ebe80000,0x00000000ebefac00,0x00000000ebf00000)
  to   space 1024K, 0% used [0x00000000ebd00000,0x00000000ebd00000,0x00000000ebe00000)
 ParOldGen       total 102912K, used 71341K [0x00000000c0000000, 0x00000000c6480000, 0x00000000eab00000)
  object space 102912K, 69% used [0x00000000c0000000,0x00000000c45ab430,0x00000000c6480000)
 Metaspace       used 68441K, committed 69440K, reserved 1114112K
  class space    used 7548K, committed 8000K, reserved 1048576K
}
Event: 188.353 GC heap before
{Heap before GC invocations=62 (full 4):
 PSYoungGen      total 6144K, used 6123K [0x00000000eab00000, 0x00000000ebf00000, 0x0000000100000000)
  eden space 5632K, 100% used [0x00000000eab00000,0x00000000eb080000,0x00000000eb080000)
  from space 512K, 95% used [0x00000000ebe80000,0x00000000ebefac00,0x00000000ebf00000)
  to   space 1024K, 0% used [0x00000000ebd00000,0x00000000ebd00000,0x00000000ebe00000)
 ParOldGen       total 102912K, used 71341K [0x00000000c0000000, 0x00000000c6480000, 0x00000000eab00000)
  object space 102912K, 69% used [0x00000000c0000000,0x00000000c45ab430,0x00000000c6480000)
 Metaspace       used 68513K, committed 69568K, reserved 1114112K
  class space    used 7554K, committed 8000K, reserved 1048576K
}
Event: 188.357 GC heap after
{Heap after GC invocations=62 (full 4):
 PSYoungGen      total 6656K, used 256K [0x00000000eab00000, 0x00000000ebf00000, 0x0000000100000000)
  eden space 5632K, 0% used [0x00000000eab00000,0x00000000eab00000,0x00000000eb080000)
  from space 1024K, 25% used [0x00000000ebd00000,0x00000000ebd40000,0x00000000ebe00000)
  to   space 512K, 0% used [0x00000000ebe80000,0x00000000ebe80000,0x00000000ebf00000)
 ParOldGen       total 102912K, used 71732K [0x00000000c0000000, 0x00000000c6480000, 0x00000000eab00000)
  object space 102912K, 69% used [0x00000000c0000000,0x00000000c460d0d0,0x00000000c6480000)
 Metaspace       used 68513K, committed 69568K, reserved 1114112K
  class space    used 7554K, committed 8000K, reserved 1048576K
}

