# JRE version: OpenJDK Runtime Environment Temurin-11.0.16.1+1 (11.0.16.1+1) (build 11.0.16.1+1)
# Java VM: OpenJDK 64-Bit Server VM Temurin-11.0.16.1+1 (11.0.16.1+1, mixed mode, tiered, compressed oops, g1 gc, windows-amd64)
Heap:
 garbage-first heap   total 389120K, used 36803K [0x0000000080000000, 0x0000000100000000)
  region size 1024K, 22 young (22528K), 7 survivors (7168K)
 Metaspace       used 39419K, capacity 40581K, committed 40832K, reserved 552960K
  class space    used 5036K, capacity 5439K, committed 5504K, reserved 516096K
GC Heap History (8 events):
Event: 1.352 GC heap before
{Heap before GC invocations=0 (full 0):
 garbage-first heap   total 389120K, used 29696K [0x0000000080000000, 0x0000000100000000)
  region size 1024K, 24 young (24576K), 0 survivors (0K)
 Metaspace       used 9872K, capacity 10130K, committed 10368K, reserved 526336K
  class space    used 1009K, capacity 1102K, committed 1152K, reserved 516096K
}
Event: 1.398 GC heap after
{Heap after GC invocations=1 (full 0):
 garbage-first heap   total 389120K, used 9194K [0x0000000080000000, 0x0000000100000000)
  region size 1024K, 3 young (3072K), 3 survivors (3072K)
 Metaspace       used 9872K, capacity 10130K, committed 10368K, reserved 526336K
  class space    used 1009K, capacity 1102K, committed 1152K, reserved 516096K
}
Event: 5.056 GC heap before
{Heap before GC invocations=1 (full 0):
 garbage-first heap   total 389120K, used 103402K [0x0000000080000000, 0x0000000100000000)
  region size 1024K, 96 young (98304K), 3 survivors (3072K)
 Metaspace       used 20714K, capacity 21185K, committed 21296K, reserved 536576K
  class space    used 2508K, capacity 2666K, committed 2688K, reserved 516096K
}
Event: 5.069 GC heap after
{Heap after GC invocations=2 (full 0):
 garbage-first heap   total 389120K, used 16825K [0x0000000080000000, 0x0000000100000000)
  region size 1024K, 11 young (11264K), 11 survivors (11264K)
 Metaspace       used 20714K, capacity 21185K, committed 21296K, reserved 536576K
  class space    used 2508K, capacity 2666K, committed 2688K, reserved 516096K
}
Event: 6.342 GC heap before
{Heap before GC invocations=3 (full 0):
 garbage-first heap   total 389120K, used 80313K [0x0000000080000000, 0x0000000100000000)
  region size 1024K, 74 young (75776K), 11 survivors (11264K)
 Metaspace       used 27434K, capacity 28136K, committed 28416K, reserved 540672K
  class space    used 3537K, capacity 3799K, committed 3840K, reserved 516096K
}
Event: 6.354 GC heap after
{Heap after GC invocations=4 (full 0):
 garbage-first heap   total 389120K, used 21625K [0x0000000080000000, 0x0000000100000000)
  region size 1024K, 5 young (5120K), 5 survivors (5120K)
 Metaspace       used 27434K, capacity 28136K, committed 28416K, reserved 540672K
  class space    used 3537K, capacity 3799K, committed 3840K, reserved 516096K
}
Event: 7.941 GC heap before
{Heap before GC invocations=4 (full 0):
 garbage-first heap   total 389120K, used 85113K [0x0000000080000000, 0x0000000100000000)
  region size 1024K, 68 young (69632K), 5 survivors (5120K)
 Metaspace       used 34925K, capacity 35883K, committed 35968K, reserved 548864K
  class space    used 4610K, capacity 4960K, committed 4992K, reserved 516096K
}
Event: 7.955 GC heap after
{Heap after GC invocations=5 (full 0):
 garbage-first heap   total 389120K, used 23491K [0x0000000080000000, 0x0000000100000000)
  region size 1024K, 7 young (7168K), 7 survivors (7168K)
 Metaspace       used 34925K, capacity 35883K, committed 35968K, reserved 548864K
  class space    used 4610K, capacity 4960K, committed 4992K, reserved 516096K
}

